<?xml version="1.0" encoding="UTF-8"?>
<!-- Generated by org.testng.reporters.JUnitReportReporter -->
<testsuite skipped="3" hostname="DESKTOP-27L8JE7" name="com.project.MavenSeleniumBuild_6_30AMBatch456.TC_004" tests="4" failures="1" timestamp="10 Jun 2020 02:01:21 GMT" time="13.414" errors="0">
  <testcase name="assertEqualsAmazon" time="13.414" classname="com.project.MavenSeleniumBuild_6_30AMBatch456.TC_004">
    <failure type="java.lang.AssertionError" message="The following asserts failed:
	expected [Customer Servic] but found [Customer Service],
	Both links are not equal... expected [true] but found [false],
	error1 expected [true] but found [false],
	error3 expected [true] but found [false]">
      <![CDATA[java.lang.AssertionError: The following asserts failed:
expected [Customer Servic] but found [Customer Service],
Both links are not equal... expected [true] but found [false],
error1 expected [true] but found [false],
error3 expected [true] but found [false]
at org.testng.asserts.SoftAssert.assertAll(SoftAssert.java:43)
at com.project.MavenSeleniumBuild_6_30AMBatch456.TC_004.assertEqualsAmazon(TC_004.java:87)
at sun.reflect.NativeMethodAccessorImpl.invoke0(Native Method)
at sun.reflect.NativeMethodAccessorImpl.invoke(Unknown Source)
at sun.reflect.DelegatingMethodAccessorImpl.invoke(Unknown Source)
at java.lang.reflect.Method.invoke(Unknown Source)
at org.testng.internal.MethodInvocationHelper.invokeMethod(MethodInvocationHelper.java:124)
at org.testng.internal.Invoker.invokeMethod(Invoker.java:583)
at org.testng.internal.Invoker.invokeTestMethod(Invoker.java:719)
at org.testng.internal.Invoker.invokeTestMethods(Invoker.java:989)
at org.testng.internal.TestMethodWorker.invokeTestMethods(TestMethodWorker.java:125)
at org.testng.internal.TestMethodWorker.run(TestMethodWorker.java:109)
at org.testng.TestRunner.privateRun(TestRunner.java:648)
at org.testng.TestRunner.run(TestRunner.java:505)
at org.testng.SuiteRunner.runTest(SuiteRunner.java:455)
at org.testng.SuiteRunner.runSequentially(SuiteRunner.java:450)
at org.testng.SuiteRunner.privateRun(SuiteRunner.java:415)
at org.testng.SuiteRunner.run(SuiteRunner.java:364)
at org.testng.SuiteRunnerWorker.runSuite(SuiteRunnerWorker.java:52)
at org.testng.SuiteRunnerWorker.run(SuiteRunnerWorker.java:84)
at org.testng.TestNG.runSuitesSequentially(TestNG.java:1208)
at org.testng.TestNG.runSuitesLocally(TestNG.java:1137)
at org.testng.TestNG.runSuites(TestNG.java:1049)
at org.testng.TestNG.run(TestNG.java:1017)
at org.testng.remote.AbstractRemoteTestNG.run(AbstractRemoteTestNG.java:115)
at org.testng.remote.RemoteTestNG.initAndRun(RemoteTestNG.java:251)
at org.testng.remote.RemoteTestNG.main(RemoteTestNG.java:77)
]]>
    </failure>
  </testcase> <!-- assertEqualsAmazon -->
  <testcase name="amazon1" classname="com.project.MavenSeleniumBuild_6_30AMBatch456.TC_004">
    <skipped/>
  </testcase> <!-- amazon1 -->
  <testcase name="amazon" classname="com.project.MavenSeleniumBuild_6_30AMBatch456.TC_004">
    <skipped/>
  </testcase> <!-- amazon -->
  <testcase name="assertbooleanAmazon" classname="com.project.MavenSeleniumBuild_6_30AMBatch456.TC_004">
    <skipped/>
  </testcase> <!-- assertbooleanAmazon -->
</testsuite> <!-- com.project.MavenSeleniumBuild_6_30AMBatch456.TC_004 -->
